2026-04-30 00:11:28.355 INFO  com.tradecore.engine.MatchingEngine - Order submitted: id=O3, symbol=TSLA, side=BUY, qty=200, price=300.0
2026-04-30 00:11:28.401 INFO  com.tradecore.engine.MatchingEngine - Order submitted: id=O4, symbol=TSLA, side=SELL, qty=100, price=300.0
2026-04-30 00:11:28.403 INFO  com.tradecore.engine.MatchingEngine - Trade executed: symbol=TSLA, qty=100, price=300.0, buyer=B1, seller=S1
2026-04-30 00:11:28.420 INFO  com.tradecore.engine.MatchingEngine - Order submitted: id=O1, symbol=AAPL, side=BUY, qty=100, price=150.0
2026-04-30 00:11:28.420 INFO  com.tradecore.engine.MatchingEngine - Order submitted: id=O2, symbol=AAPL, side=SELL, qty=100, price=150.0
2026-04-30 00:11:28.422 INFO  com.tradecore.engine.MatchingEngine - Trade executed: symbol=AAPL, qty=100, price=150.0, buyer=B1, seller=S1
2026-04-30 00:11:28.439 INFO  com.tradecore.engine.MatchingEngine - Order submitted: id=B1, symbol=AAPL, side=BUY, qty=100, price=150.0
2026-04-30 00:11:28.439 INFO  com.tradecore.engine.MatchingEngine - Order submitted: id=S1, symbol=AAPL, side=SELL, qty=40, price=149.0
2026-04-30 00:11:28.440 INFO  com.tradecore.engine.MatchingEngine - Trade executed: symbol=AAPL, qty=40, price=149.0, buyer=T1, seller=T2
2026-04-30 00:11:28.450 INFO  com.tradecore.engine.MatchingEngine - Order submitted: id=O1, symbol=AAPL, side=BUY, qty=10, price=150.0
2026-04-30 00:11:28.450 INFO  com.tradecore.engine.MatchingEngine - Order submitted: id=O2, symbol=AAPL, side=SELL, qty=10, price=149.0
2026-04-30 00:11:28.450 INFO  com.tradecore.engine.MatchingEngine - Trade executed: symbol=AAPL, qty=10, price=149.0, buyer=T1, seller=T2
2026-04-30 00:11:36.973 INFO  com.tradecore.TradeCoreApplication - Starting TradeCoreApplication using Java 25.0.1 with PID 63684 (C:\Users\Shashwat Kumar\Desktop\Labs\TradeCore\target\classes started by Shashwat Kumar in C:\Users\Shashwat Kumar\Desktop\Labs\TradeCore)
2026-04-30 00:11:36.976 INFO  com.tradecore.TradeCoreApplication - No active profile set, falling back to 1 default profile: "default"
2026-04-30 00:11:37.625 INFO  org.springframework.data.repository.config.RepositoryConfigurationDelegate - Bootstrapping Spring Data JPA repositories in DEFAULT mode.
2026-04-30 00:11:37.712 INFO  org.springframework.data.repository.config.RepositoryConfigurationDelegate - Finished Spring Data repository scanning in 80 ms. Found 1 JPA repository interface.
2026-04-30 00:11:38.392 INFO  org.springframework.boot.web.embedded.tomcat.TomcatWebServer - Tomcat initialized with port 8080 (http)
2026-04-30 00:11:38.407 INFO  org.apache.coyote.http11.Http11NioProtocol - Initializing ProtocolHandler ["http-nio-8080"]
2026-04-30 00:11:38.410 INFO  org.apache.catalina.core.StandardService - Starting service [Tomcat]
2026-04-30 00:11:38.411 INFO  org.apache.catalina.core.StandardEngine - Starting Servlet engine: [Apache Tomcat/10.1.26]
2026-04-30 00:11:38.488 INFO  org.apache.catalina.core.ContainerBase.[Tomcat].[localhost].[/] - Initializing Spring embedded WebApplicationContext
2026-04-30 00:11:38.490 INFO  org.springframework.boot.web.servlet.context.ServletWebServerApplicationContext - Root WebApplicationContext: initialization completed in 1462 ms
2026-04-30 00:11:38.533 INFO  com.zaxxer.hikari.HikariDataSource - HikariPool-1 - Starting...
2026-04-30 00:11:38.765 INFO  com.zaxxer.hikari.pool.HikariPool - HikariPool-1 - Added connection conn0: url=jdbc:h2:mem:tradecore user=SA
2026-04-30 00:11:38.767 INFO  com.zaxxer.hikari.HikariDataSource - HikariPool-1 - Start completed.
2026-04-30 00:11:38.785 INFO  org.springframework.boot.autoconfigure.h2.H2ConsoleAutoConfiguration - H2 console available at '/h2-console'. Database available at 'jdbc:h2:mem:tradecore'
2026-04-30 00:11:38.957 INFO  org.hibernate.jpa.internal.util.LogHelper - HHH000204: Processing PersistenceUnitInfo [name: default]
2026-04-30 00:11:39.015 INFO  org.hibernate.Version - HHH000412: Hibernate ORM core version 6.5.2.Final
2026-04-30 00:11:39.045 INFO  org.hibernate.cache.internal.RegionFactoryInitiator - HHH000026: Second-level cache disabled
2026-04-30 00:11:39.466 INFO  org.springframework.orm.jpa.persistenceunit.SpringPersistenceUnitInfo - No LoadTimeWeaver setup: ignoring JPA class transformer
2026-04-30 00:11:40.433 INFO  org.hibernate.engine.transaction.jta.platform.internal.JtaPlatformInitiator - HHH000489: No JTA platform available (set 'hibernate.transaction.jta.platform' to enable JTA platform integration)
2026-04-30 00:11:40.529 INFO  org.springframework.orm.jpa.LocalContainerEntityManagerFactoryBean - Initialized JPA EntityManagerFactory for persistence unit 'default'
2026-04-30 00:11:40.797 WARN  org.springframework.boot.autoconfigure.orm.jpa.JpaBaseConfiguration$JpaWebConfiguration - spring.jpa.open-in-view is enabled by default. Therefore, database queries may be performed during view rendering. Explicitly configure spring.jpa.open-in-view to disable this warning
2026-04-30 00:11:41.102 INFO  org.apache.coyote.http11.Http11NioProtocol - Starting ProtocolHandler ["http-nio-8080"]
2026-04-30 00:11:41.181 INFO  org.springframework.boot.web.embedded.tomcat.TomcatWebServer - Tomcat started on port 8080 (http) with context path '/'
2026-04-30 00:11:41.191 INFO  com.tradecore.TradeCoreApplication - Started TradeCoreApplication in 4.615 seconds (process running for 5.222)
2026-04-30 00:13:13.199 INFO  org.apache.catalina.core.ContainerBase.[Tomcat].[localhost].[/] - Initializing Spring DispatcherServlet 'dispatcherServlet'
2026-04-30 00:13:13.200 INFO  org.springframework.web.servlet.DispatcherServlet - Initializing Servlet 'dispatcherServlet'
2026-04-30 00:13:13.204 INFO  org.springframework.web.servlet.DispatcherServlet - Completed initialization in 3 ms
2026-04-30 00:13:13.463 INFO  com.tradecore.engine.MatchingEngine - Order submitted: id=bc97a228-363f-42ec-8c26-7dd702831723, symbol=AAPL, side=BUY, qty=10, price=0.0
2026-04-30 00:13:13.473 WARN  com.tradecore.engine.MatchingEngine - Market order cannot be filled: no liquidity symbol=AAPL
2026-04-30 00:16:25.688 INFO  org.springframework.orm.jpa.LocalContainerEntityManagerFactoryBean - Closing JPA EntityManagerFactory for persistence unit 'default'
2026-04-30 00:16:25.692 INFO  com.zaxxer.hikari.HikariDataSource - HikariPool-1 - Shutdown initiated...
2026-04-30 00:16:25.694 INFO  com.zaxxer.hikari.HikariDataSource - HikariPool-1 - Shutdown completed.
2026-04-30 00:16:36.500 INFO  com.tradecore.engine.MatchingEngine - Order submitted: id=O3, symbol=TSLA, side=BUY, qty=200, price=300.0
2026-04-30 00:16:36.513 INFO  com.tradecore.engine.MatchingEngine - Order submitted: id=O4, symbol=TSLA, side=SELL, qty=100, price=300.0
2026-04-30 00:16:36.515 INFO  com.tradecore.engine.MatchingEngine - Trade executed: symbol=TSLA, qty=100, price=300.0, buyer=B1, seller=S1
2026-04-30 00:16:36.531 INFO  com.tradecore.engine.MatchingEngine - Order submitted: id=O1, symbol=AAPL, side=BUY, qty=100, price=150.0
2026-04-30 00:16:36.547 INFO  com.tradecore.engine.MatchingEngine - Order submitted: id=O2, symbol=AAPL, side=SELL, qty=100, price=150.0
2026-04-30 00:16:36.548 INFO  com.tradecore.engine.MatchingEngine - Trade executed: symbol=AAPL, qty=100, price=150.0, buyer=B1, seller=S1
2026-04-30 00:16:36.565 INFO  com.tradecore.engine.MatchingEngine - Order submitted: id=B1, symbol=AAPL, side=BUY, qty=100, price=150.0
2026-04-30 00:16:36.566 INFO  com.tradecore.engine.MatchingEngine - Order submitted: id=S1, symbol=AAPL, side=SELL, qty=40, price=149.0
2026-04-30 00:16:36.566 INFO  com.tradecore.engine.MatchingEngine - Trade executed: symbol=AAPL, qty=40, price=149.0, buyer=T1, seller=T2
2026-04-30 00:16:36.574 INFO  com.tradecore.engine.MatchingEngine - Order submitted: id=O1, symbol=AAPL, side=BUY, qty=10, price=150.0
2026-04-30 00:16:36.574 INFO  com.tradecore.engine.MatchingEngine - Order submitted: id=O2, symbol=AAPL, side=SELL, qty=10, price=149.0
2026-04-30 00:16:36.575 INFO  com.tradecore.engine.MatchingEngine - Trade executed: symbol=AAPL, qty=10, price=149.0, buyer=T1, seller=T2
2026-04-30 00:16:45.392 INFO  com.tradecore.TradeCoreApplication - Starting TradeCoreApplication using Java 25.0.1 with PID 24284 (C:\Users\Shashwat Kumar\Desktop\Labs\TradeCore\target\classes started by Shashwat Kumar in C:\Users\Shashwat Kumar\Desktop\Labs\TradeCore)
2026-04-30 00:16:45.395 INFO  com.tradecore.TradeCoreApplication - No active profile set, falling back to 1 default profile: "default"
2026-04-30 00:16:45.992 INFO  org.springframework.data.repository.config.RepositoryConfigurationDelegate - Bootstrapping Spring Data JPA repositories in DEFAULT mode.
2026-04-30 00:16:46.055 INFO  org.springframework.data.repository.config.RepositoryConfigurationDelegate - Finished Spring Data repository scanning in 55 ms. Found 1 JPA repository interface.
2026-04-30 00:16:46.570 INFO  org.springframework.boot.web.embedded.tomcat.TomcatWebServer - Tomcat initialized with port 8080 (http)
2026-04-30 00:16:46.582 INFO  org.apache.coyote.http11.Http11NioProtocol - Initializing ProtocolHandler ["http-nio-8080"]
2026-04-30 00:16:46.585 INFO  org.apache.catalina.core.StandardService - Starting service [Tomcat]
2026-04-30 00:16:46.585 INFO  org.apache.catalina.core.StandardEngine - Starting Servlet engine: [Apache Tomcat/10.1.26]
2026-04-30 00:16:46.648 INFO  org.apache.catalina.core.ContainerBase.[Tomcat].[localhost].[/] - Initializing Spring embedded WebApplicationContext
2026-04-30 00:16:46.649 INFO  org.springframework.boot.web.servlet.context.ServletWebServerApplicationContext - Root WebApplicationContext: initialization completed in 1202 ms
2026-04-30 00:16:46.688 INFO  com.zaxxer.hikari.HikariDataSource - HikariPool-1 - Starting...
2026-04-30 00:16:46.883 INFO  com.zaxxer.hikari.pool.HikariPool - HikariPool-1 - Added connection conn0: url=jdbc:h2:mem:tradecore user=SA
2026-04-30 00:16:46.887 INFO  com.zaxxer.hikari.HikariDataSource - HikariPool-1 - Start completed.
2026-04-30 00:16:46.901 INFO  org.springframework.boot.autoconfigure.h2.H2ConsoleAutoConfiguration - H2 console available at '/h2-console'. Database available at 'jdbc:h2:mem:tradecore'
2026-04-30 00:16:47.055 INFO  org.hibernate.jpa.internal.util.LogHelper - HHH000204: Processing PersistenceUnitInfo [name: default]
2026-04-30 00:16:47.120 INFO  org.hibernate.Version - HHH000412: Hibernate ORM core version 6.5.2.Final
2026-04-30 00:16:47.153 INFO  org.hibernate.cache.internal.RegionFactoryInitiator - HHH000026: Second-level cache disabled
2026-04-30 00:16:47.461 INFO  org.springframework.orm.jpa.persistenceunit.SpringPersistenceUnitInfo - No LoadTimeWeaver setup: ignoring JPA class transformer
2026-04-30 00:16:48.365 INFO  org.hibernate.engine.transaction.jta.platform.internal.JtaPlatformInitiator - HHH000489: No JTA platform available (set 'hibernate.transaction.jta.platform' to enable JTA platform integration)
2026-04-30 00:16:48.423 INFO  org.springframework.orm.jpa.LocalContainerEntityManagerFactoryBean - Initialized JPA EntityManagerFactory for persistence unit 'default'
2026-04-30 00:16:48.669 WARN  org.springframework.boot.autoconfigure.orm.jpa.JpaBaseConfiguration$JpaWebConfiguration - spring.jpa.open-in-view is enabled by default. Therefore, database queries may be performed during view rendering. Explicitly configure spring.jpa.open-in-view to disable this warning
2026-04-30 00:16:48.978 INFO  org.apache.coyote.http11.Http11NioProtocol - Starting ProtocolHandler ["http-nio-8080"]
2026-04-30 00:16:49.047 INFO  org.springframework.boot.web.embedded.tomcat.TomcatWebServer - Tomcat started on port 8080 (http) with context path '/'
2026-04-30 00:16:49.055 INFO  com.tradecore.TradeCoreApplication - Started TradeCoreApplication in 4.027 seconds (process running for 4.51)
2026-04-30 00:17:08.065 INFO  org.apache.catalina.core.ContainerBase.[Tomcat].[localhost].[/] - Initializing Spring DispatcherServlet 'dispatcherServlet'
2026-04-30 00:17:08.066 INFO  org.springframework.web.servlet.DispatcherServlet - Initializing Servlet 'dispatcherServlet'
2026-04-30 00:17:08.070 INFO  org.springframework.web.servlet.DispatcherServlet - Completed initialization in 4 ms
2026-04-30 00:17:08.318 INFO  com.tradecore.engine.MatchingEngine - Order submitted: id=9f374597-beac-4600-93a3-7bcdab9d3d49, symbol=AAPL, side=BUY, qty=10, price=150.0
2026-04-30 00:17:13.342 INFO  com.tradecore.engine.MatchingEngine - Order submitted: id=277a7daa-5fae-49aa-9158-df47d7b3894d, symbol=AAPL, side=SELL, qty=10, price=150.0
2026-04-30 00:17:13.345 INFO  com.tradecore.engine.MatchingEngine - Trade executed: symbol=AAPL, qty=10, price=150.0, buyer=T1, seller=T2
2026-04-30 01:16:34.231 WARN  com.zaxxer.hikari.pool.HikariPool - HikariPool-1 - Thread starvation or clock leap detected (housekeeper delta=25m46s666ms706µs700ns).
2026-04-30 01:17:24.509 INFO  org.springframework.orm.jpa.LocalContainerEntityManagerFactoryBean - Closing JPA EntityManagerFactory for persistence unit 'default'
2026-04-30 01:17:24.513 INFO  com.zaxxer.hikari.HikariDataSource - HikariPool-1 - Shutdown initiated...
2026-04-30 01:17:24.517 INFO  com.zaxxer.hikari.HikariDataSource - HikariPool-1 - Shutdown completed.
2026-04-30 01:19:20.188 INFO  com.tradecore.TradeCoreApplication - Starting TradeCoreApplication using Java 25.0.1 with PID 59096 (C:\Users\Shashwat Kumar\Desktop\Labs\TradeCore\target\classes started by Shashwat Kumar in C:\Users\Shashwat Kumar\Desktop\Labs\TradeCore)
2026-04-30 01:19:20.191 INFO  com.tradecore.TradeCoreApplication - No active profile set, falling back to 1 default profile: "default"
2026-04-30 01:19:20.913 INFO  org.springframework.data.repository.config.RepositoryConfigurationDelegate - Bootstrapping Spring Data JPA repositories in DEFAULT mode.
2026-04-30 01:19:20.977 INFO  org.springframework.data.repository.config.RepositoryConfigurationDelegate - Finished Spring Data repository scanning in 57 ms. Found 1 JPA repository interface.
2026-04-30 01:19:21.564 INFO  org.springframework.boot.web.embedded.tomcat.TomcatWebServer - Tomcat initialized with port 8080 (http)
2026-04-30 01:19:21.583 INFO  org.apache.coyote.http11.Http11NioProtocol - Initializing ProtocolHandler ["http-nio-8080"]
2026-04-30 01:19:21.586 INFO  org.apache.catalina.core.StandardService - Starting service [Tomcat]
2026-04-30 01:19:21.586 INFO  org.apache.catalina.core.StandardEngine - Starting Servlet engine: [Apache Tomcat/10.1.26]
2026-04-30 01:19:21.680 INFO  org.apache.catalina.core.ContainerBase.[Tomcat].[localhost].[/] - Initializing Spring embedded WebApplicationContext
2026-04-30 01:19:21.681 INFO  org.springframework.boot.web.servlet.context.ServletWebServerApplicationContext - Root WebApplicationContext: initialization completed in 1426 ms
2026-04-30 01:19:21.728 INFO  com.zaxxer.hikari.HikariDataSource - HikariPool-1 - Starting...
2026-04-30 01:19:22.024 INFO  com.zaxxer.hikari.pool.HikariPool - HikariPool-1 - Added connection conn0: url=jdbc:h2:mem:tradecore user=SA
2026-04-30 01:19:22.027 INFO  com.zaxxer.hikari.HikariDataSource - HikariPool-1 - Start completed.
2026-04-30 01:19:22.045 INFO  org.springframework.boot.autoconfigure.h2.H2ConsoleAutoConfiguration - H2 console available at '/h2-console'. Database available at 'jdbc:h2:mem:tradecore'
2026-04-30 01:19:22.223 INFO  org.hibernate.jpa.internal.util.LogHelper - HHH000204: Processing PersistenceUnitInfo [name: default]
2026-04-30 01:19:22.350 INFO  org.hibernate.Version - HHH000412: Hibernate ORM core version 6.5.2.Final
2026-04-30 01:19:22.419 INFO  org.hibernate.cache.internal.RegionFactoryInitiator - HHH000026: Second-level cache disabled
2026-04-30 01:19:22.914 INFO  org.springframework.orm.jpa.persistenceunit.SpringPersistenceUnitInfo - No LoadTimeWeaver setup: ignoring JPA class transformer
2026-04-30 01:19:24.210 INFO  org.hibernate.engine.transaction.jta.platform.internal.JtaPlatformInitiator - HHH000489: No JTA platform available (set 'hibernate.transaction.jta.platform' to enable JTA platform integration)
2026-04-30 01:19:24.283 INFO  org.springframework.orm.jpa.LocalContainerEntityManagerFactoryBean - Initialized JPA EntityManagerFactory for persistence unit 'default'
2026-04-30 01:19:24.547 WARN  org.springframework.boot.autoconfigure.orm.jpa.JpaBaseConfiguration$JpaWebConfiguration - spring.jpa.open-in-view is enabled by default. Therefore, database queries may be performed during view rendering. Explicitly configure spring.jpa.open-in-view to disable this warning
2026-04-30 01:19:24.881 INFO  org.apache.coyote.http11.Http11NioProtocol - Starting ProtocolHandler ["http-nio-8080"]
2026-04-30 01:19:24.917 INFO  org.springframework.boot.web.embedded.tomcat.TomcatWebServer - Tomcat started on port 8080 (http) with context path '/'
2026-04-30 01:19:24.926 INFO  com.tradecore.TradeCoreApplication - Started TradeCoreApplication in 5.216 seconds (process running for 6.06)
2026-04-30 01:19:43.159 INFO  org.apache.catalina.core.ContainerBase.[Tomcat].[localhost].[/] - Initializing Spring DispatcherServlet 'dispatcherServlet'
2026-04-30 01:19:43.160 INFO  org.springframework.web.servlet.DispatcherServlet - Initializing Servlet 'dispatcherServlet'
2026-04-30 01:19:43.164 INFO  org.springframework.web.servlet.DispatcherServlet - Completed initialization in 2 ms
2026-04-30 01:28:28.294 INFO  com.tradecore.TradeCoreApplication - Starting TradeCoreApplication using Java 25.0.1 with PID 42580 (C:\Users\Shashwat Kumar\Desktop\Labs\TradeCore\target\classes started by Shashwat Kumar in C:\Users\Shashwat Kumar\Desktop\Labs\TradeCore)
2026-04-30 01:28:28.297 INFO  com.tradecore.TradeCoreApplication - No active profile set, falling back to 1 default profile: "default"
2026-04-30 01:28:29.001 INFO  org.springframework.data.repository.config.RepositoryConfigurationDelegate - Bootstrapping Spring Data JPA repositories in DEFAULT mode.
2026-04-30 01:28:29.062 INFO  org.springframework.data.repository.config.RepositoryConfigurationDelegate - Finished Spring Data repository scanning in 53 ms. Found 1 JPA repository interface.
2026-04-30 01:28:29.579 INFO  org.springframework.boot.web.embedded.tomcat.TomcatWebServer - Tomcat initialized with port 8080 (http)
2026-04-30 01:28:29.591 INFO  org.apache.coyote.http11.Http11NioProtocol - Initializing ProtocolHandler ["http-nio-8080"]
2026-04-30 01:28:29.594 INFO  org.apache.catalina.core.StandardService - Starting service [Tomcat]
2026-04-30 01:28:29.594 INFO  org.apache.catalina.core.StandardEngine - Starting Servlet engine: [Apache Tomcat/10.1.26]
2026-04-30 01:28:29.697 INFO  org.apache.catalina.core.ContainerBase.[Tomcat].[localhost].[/] - Initializing Spring embedded WebApplicationContext
2026-04-30 01:28:29.698 INFO  org.springframework.boot.web.servlet.context.ServletWebServerApplicationContext - Root WebApplicationContext: initialization completed in 1340 ms
2026-04-30 01:28:29.733 INFO  com.zaxxer.hikari.HikariDataSource - HikariPool-1 - Starting...
2026-04-30 01:28:29.950 INFO  com.zaxxer.hikari.pool.HikariPool - HikariPool-1 - Added connection conn0: url=jdbc:h2:mem:tradecore user=SA
2026-04-30 01:28:29.954 INFO  com.zaxxer.hikari.HikariDataSource - HikariPool-1 - Start completed.
2026-04-30 01:28:29.971 INFO  org.springframework.boot.autoconfigure.h2.H2ConsoleAutoConfiguration - H2 console available at '/h2-console'. Database available at 'jdbc:h2:mem:tradecore'
2026-04-30 01:28:30.127 INFO  org.hibernate.jpa.internal.util.LogHelper - HHH000204: Processing PersistenceUnitInfo [name: default]
2026-04-30 01:28:30.178 INFO  org.hibernate.Version - HHH000412: Hibernate ORM core version 6.5.2.Final
2026-04-30 01:28:30.215 INFO  org.hibernate.cache.internal.RegionFactoryInitiator - HHH000026: Second-level cache disabled
2026-04-30 01:28:30.576 INFO  org.springframework.orm.jpa.persistenceunit.SpringPersistenceUnitInfo - No LoadTimeWeaver setup: ignoring JPA class transformer
2026-04-30 01:28:31.498 INFO  org.hibernate.engine.transaction.jta.platform.internal.JtaPlatformInitiator - HHH000489: No JTA platform available (set 'hibernate.transaction.jta.platform' to enable JTA platform integration)
2026-04-30 01:28:31.558 INFO  org.springframework.orm.jpa.LocalContainerEntityManagerFactoryBean - Initialized JPA EntityManagerFactory for persistence unit 'default'
2026-04-30 01:28:31.790 WARN  org.springframework.boot.autoconfigure.orm.jpa.JpaBaseConfiguration$JpaWebConfiguration - spring.jpa.open-in-view is enabled by default. Therefore, database queries may be performed during view rendering. Explicitly configure spring.jpa.open-in-view to disable this warning
2026-04-30 01:28:31.809 INFO  org.springframework.boot.autoconfigure.web.servlet.WelcomePageHandlerMapping - Adding welcome page: class path resource [static/index.html]
2026-04-30 01:28:32.070 INFO  org.apache.coyote.http11.Http11NioProtocol - Starting ProtocolHandler ["http-nio-8080"]
2026-04-30 01:28:32.093 INFO  org.springframework.boot.web.embedded.tomcat.TomcatWebServer - Tomcat started on port 8080 (http) with context path '/'
2026-04-30 01:28:32.101 INFO  com.tradecore.TradeCoreApplication - Started TradeCoreApplication in 4.195 seconds (process running for 4.742)
2026-04-30 01:28:43.095 INFO  org.apache.catalina.core.ContainerBase.[Tomcat].[localhost].[/] - Initializing Spring DispatcherServlet 'dispatcherServlet'
2026-04-30 01:28:43.096 INFO  org.springframework.web.servlet.DispatcherServlet - Initializing Servlet 'dispatcherServlet'
2026-04-30 01:28:43.099 INFO  org.springframework.web.servlet.DispatcherServlet - Completed initialization in 2 ms
2026-04-30 02:18:26.876 WARN  com.zaxxer.hikari.pool.HikariPool - HikariPool-1 - Thread starvation or clock leap detected (housekeeper delta=26m56s436ms861µs200ns).
2026-04-30 02:31:05.545 INFO  org.springframework.orm.jpa.LocalContainerEntityManagerFactoryBean - Closing JPA EntityManagerFactory for persistence unit 'default'
2026-04-30 02:31:05.583 INFO  com.zaxxer.hikari.HikariDataSource - HikariPool-1 - Shutdown initiated...
2026-04-30 02:31:05.590 INFO  com.zaxxer.hikari.HikariDataSource - HikariPool-1 - Shutdown completed.
2026-04-30 02:36:06.514 INFO  com.tradecore.TradeCoreApplication - Starting TradeCoreApplication using Java 25.0.1 with PID 53480 (C:\Users\Shashwat Kumar\Desktop\Labs\TradeCore\target\classes started by Shashwat Kumar in C:\Users\Shashwat Kumar\Desktop\Labs\TradeCore)
2026-04-30 02:36:06.517 INFO  com.tradecore.TradeCoreApplication - No active profile set, falling back to 1 default profile: "default"
2026-04-30 02:36:07.565 INFO  org.springframework.data.repository.config.RepositoryConfigurationDelegate - Bootstrapping Spring Data JPA repositories in DEFAULT mode.
2026-04-30 02:36:07.679 INFO  org.springframework.data.repository.config.RepositoryConfigurationDelegate - Finished Spring Data repository scanning in 101 ms. Found 1 JPA repository interface.
2026-04-30 02:36:08.510 INFO  org.springframework.boot.web.embedded.tomcat.TomcatWebServer - Tomcat initialized with port 8080 (http)
2026-04-30 02:36:08.531 INFO  org.apache.coyote.http11.Http11NioProtocol - Initializing ProtocolHandler ["http-nio-8080"]
2026-04-30 02:36:08.536 INFO  org.apache.catalina.core.StandardService - Starting service [Tomcat]
2026-04-30 02:36:08.537 INFO  org.apache.catalina.core.StandardEngine - Starting Servlet engine: [Apache Tomcat/10.1.26]
2026-04-30 02:36:08.666 INFO  org.apache.catalina.core.ContainerBase.[Tomcat].[localhost].[/] - Initializing Spring embedded WebApplicationContext
2026-04-30 02:36:08.669 INFO  org.springframework.boot.web.servlet.context.ServletWebServerApplicationContext - Root WebApplicationContext: initialization completed in 2064 ms
2026-04-30 02:36:08.722 INFO  com.zaxxer.hikari.HikariDataSource - HikariPool-1 - Starting...
2026-04-30 02:36:09.067 INFO  com.zaxxer.hikari.pool.HikariPool - HikariPool-1 - Added connection conn0: url=jdbc:h2:mem:tradecore user=SA
2026-04-30 02:36:09.071 INFO  com.zaxxer.hikari.HikariDataSource - HikariPool-1 - Start completed.
2026-04-30 02:36:09.088 INFO  org.springframework.boot.autoconfigure.h2.H2ConsoleAutoConfiguration - H2 console available at '/h2-console'. Database available at 'jdbc:h2:mem:tradecore'
2026-04-30 02:36:09.289 INFO  org.hibernate.jpa.internal.util.LogHelper - HHH000204: Processing PersistenceUnitInfo [name: default]
2026-04-30 02:36:09.406 INFO  org.hibernate.Version - HHH000412: Hibernate ORM core version 6.5.2.Final
2026-04-30 02:36:09.467 INFO  org.hibernate.cache.internal.RegionFactoryInitiator - HHH000026: Second-level cache disabled
2026-04-30 02:36:09.998 INFO  org.springframework.orm.jpa.persistenceunit.SpringPersistenceUnitInfo - No LoadTimeWeaver setup: ignoring JPA class transformer
2026-04-30 02:36:11.476 INFO  org.hibernate.engine.transaction.jta.platform.internal.JtaPlatformInitiator - HHH000489: No JTA platform available (set 'hibernate.transaction.jta.platform' to enable JTA platform integration)
2026-04-30 02:36:11.577 INFO  org.springframework.orm.jpa.LocalContainerEntityManagerFactoryBean - Initialized JPA EntityManagerFactory for persistence unit 'default'
2026-04-30 02:36:11.890 WARN  org.springframework.boot.web.servlet.context.AnnotationConfigServletWebServerApplicationContext - Exception encountered during context initialization - cancelling refresh attempt: org.springframework.beans.factory.UnsatisfiedDependencyException: Error creating bean with name 'orderController' defined in file [C:\Users\Shashwat Kumar\Desktop\Labs\TradeCore\target\classes\com\tradecore\api\OrderController.class]: Unsatisfied dependency expressed through constructor parameter 1: No qualifying bean of type 'com.tradecore.registry.TraderRegistry' available: expected at least 1 bean which qualifies as autowire candidate. Dependency annotations: {}
2026-04-30 02:36:11.892 INFO  org.springframework.orm.jpa.LocalContainerEntityManagerFactoryBean - Closing JPA EntityManagerFactory for persistence unit 'default'
2026-04-30 02:36:11.896 INFO  com.zaxxer.hikari.HikariDataSource - HikariPool-1 - Shutdown initiated...
2026-04-30 02:36:11.900 INFO  com.zaxxer.hikari.HikariDataSource - HikariPool-1 - Shutdown completed.
2026-04-30 02:36:11.901 INFO  org.apache.catalina.core.StandardService - Stopping service [Tomcat]
2026-04-30 02:36:11.918 INFO  org.springframework.boot.autoconfigure.logging.ConditionEvaluationReportLogger - 

Error starting ApplicationContext. To display the condition evaluation report re-run your application with 'debug' enabled.
2026-04-30 02:36:11.958 ERROR org.springframework.boot.diagnostics.LoggingFailureAnalysisReporter - 

***************************
APPLICATION FAILED TO START
***************************

Description:

Parameter 1 of constructor in com.tradecore.api.OrderController required a bean of type 'com.tradecore.registry.TraderRegistry' that could not be found.


Action:

Consider defining a bean of type 'com.tradecore.registry.TraderRegistry' in your configuration.

2026-04-30 02:37:54.410 INFO  com.tradecore.TradeCoreApplication - Starting TradeCoreApplication using Java 25.0.1 with PID 44188 (C:\Users\Shashwat Kumar\Desktop\Labs\TradeCore\target\classes started by Shashwat Kumar in C:\Users\Shashwat Kumar\Desktop\Labs\TradeCore)
2026-04-30 02:37:54.413 INFO  com.tradecore.TradeCoreApplication - No active profile set, falling back to 1 default profile: "default"
2026-04-30 02:37:55.344 INFO  org.springframework.data.repository.config.RepositoryConfigurationDelegate - Bootstrapping Spring Data JPA repositories in DEFAULT mode.
2026-04-30 02:37:55.434 INFO  org.springframework.data.repository.config.RepositoryConfigurationDelegate - Finished Spring Data repository scanning in 81 ms. Found 1 JPA repository interface.
2026-04-30 02:37:56.235 INFO  org.springframework.boot.web.embedded.tomcat.TomcatWebServer - Tomcat initialized with port 8080 (http)
2026-04-30 02:37:56.252 INFO  org.apache.coyote.http11.Http11NioProtocol - Initializing ProtocolHandler ["http-nio-8080"]
2026-04-30 02:37:56.256 INFO  org.apache.catalina.core.StandardService - Starting service [Tomcat]
2026-04-30 02:37:56.256 INFO  org.apache.catalina.core.StandardEngine - Starting Servlet engine: [Apache Tomcat/10.1.26]
2026-04-30 02:37:56.389 INFO  org.apache.catalina.core.ContainerBase.[Tomcat].[localhost].[/] - Initializing Spring embedded WebApplicationContext
2026-04-30 02:37:56.391 INFO  org.springframework.boot.web.servlet.context.ServletWebServerApplicationContext - Root WebApplicationContext: initialization completed in 1897 ms
2026-04-30 02:37:56.442 INFO  com.zaxxer.hikari.HikariDataSource - HikariPool-1 - Starting...
2026-04-30 02:37:56.721 INFO  com.zaxxer.hikari.pool.HikariPool - HikariPool-1 - Added connection conn0: url=jdbc:h2:mem:tradecore user=SA
2026-04-30 02:37:56.723 INFO  com.zaxxer.hikari.HikariDataSource - HikariPool-1 - Start completed.
2026-04-30 02:37:56.744 INFO  org.springframework.boot.autoconfigure.h2.H2ConsoleAutoConfiguration - H2 console available at '/h2-console'. Database available at 'jdbc:h2:mem:tradecore'
2026-04-30 02:37:56.959 INFO  org.hibernate.jpa.internal.util.LogHelper - HHH000204: Processing PersistenceUnitInfo [name: default]
2026-04-30 02:37:57.039 INFO  org.hibernate.Version - HHH000412: Hibernate ORM core version 6.5.2.Final
2026-04-30 02:37:57.090 INFO  org.hibernate.cache.internal.RegionFactoryInitiator - HHH000026: Second-level cache disabled
2026-04-30 02:37:57.544 INFO  org.springframework.orm.jpa.persistenceunit.SpringPersistenceUnitInfo - No LoadTimeWeaver setup: ignoring JPA class transformer
2026-04-30 02:37:58.923 INFO  org.hibernate.engine.transaction.jta.platform.internal.JtaPlatformInitiator - HHH000489: No JTA platform available (set 'hibernate.transaction.jta.platform' to enable JTA platform integration)
2026-04-30 02:37:59.047 INFO  org.springframework.orm.jpa.LocalContainerEntityManagerFactoryBean - Initialized JPA EntityManagerFactory for persistence unit 'default'
2026-04-30 02:37:59.058 WARN  org.springframework.boot.web.servlet.context.AnnotationConfigServletWebServerApplicationContext - Exception encountered during context initialization - cancelling refresh attempt: org.springframework.beans.factory.BeanCreationException: Error creating bean with name 'orderController': Lookup method resolution failed
2026-04-30 02:37:59.059 INFO  org.springframework.orm.jpa.LocalContainerEntityManagerFactoryBean - Closing JPA EntityManagerFactory for persistence unit 'default'
2026-04-30 02:37:59.063 INFO  com.zaxxer.hikari.HikariDataSource - HikariPool-1 - Shutdown initiated...
2026-04-30 02:37:59.067 INFO  com.zaxxer.hikari.HikariDataSource - HikariPool-1 - Shutdown completed.
2026-04-30 02:37:59.069 INFO  org.apache.catalina.core.StandardService - Stopping service [Tomcat]
2026-04-30 02:37:59.087 INFO  org.springframework.boot.autoconfigure.logging.ConditionEvaluationReportLogger - 

Error starting ApplicationContext. To display the condition evaluation report re-run your application with 'debug' enabled.
2026-04-30 02:37:59.117 ERROR org.springframework.boot.SpringApplication - Application run failed
org.springframework.beans.factory.BeanCreationException: Error creating bean with name 'orderController': Lookup method resolution failed
	at org.springframework.beans.factory.annotation.AutowiredAnnotationBeanPostProcessor.checkLookupMethods(AutowiredAnnotationBeanPostProcessor.java:497)
	at org.springframework.beans.factory.annotation.AutowiredAnnotationBeanPostProcessor.determineCandidateConstructors(AutowiredAnnotationBeanPostProcessor.java:367)
	at org.springframework.beans.factory.support.AbstractAutowireCapableBeanFactory.determineConstructorsFromBeanPostProcessors(AbstractAutowireCapableBeanFactory.java:1314)
	at org.springframework.beans.factory.support.AbstractAutowireCapableBeanFactory.createBeanInstance(AbstractAutowireCapableBeanFactory.java:1209)
	at org.springframework.beans.factory.support.AbstractAutowireCapableBeanFactory.doCreateBean(AbstractAutowireCapableBeanFactory.java:562)
	at org.springframework.beans.factory.support.AbstractAutowireCapableBeanFactory.createBean(AbstractAutowireCapableBeanFactory.java:522)
	at org.springframework.beans.factory.support.AbstractBeanFactory.lambda$doGetBean$0(AbstractBeanFactory.java:337)
	at org.springframework.beans.factory.support.DefaultSingletonBeanRegistry.getSingleton(DefaultSingletonBeanRegistry.java:234)
	at org.springframework.beans.factory.support.AbstractBeanFactory.doGetBean(AbstractBeanFactory.java:335)
	at org.springframework.beans.factory.support.AbstractBeanFactory.getBean(AbstractBeanFactory.java:200)
	at org.springframework.beans.factory.support.DefaultListableBeanFactory.preInstantiateSingletons(DefaultListableBeanFactory.java:975)
	at org.springframework.context.support.AbstractApplicationContext.finishBeanFactoryInitialization(AbstractApplicationContext.java:971)
	at org.springframework.context.support.AbstractApplicationContext.refresh(AbstractApplicationContext.java:625)
	at org.springframework.boot.web.servlet.context.ServletWebServerApplicationContext.refresh(ServletWebServerApplicationContext.java:146)
	at org.springframework.boot.SpringApplication.refresh(SpringApplication.java:754)
	at org.springframework.boot.SpringApplication.refreshContext(SpringApplication.java:456)
	at org.springframework.boot.SpringApplication.run(SpringApplication.java:335)
	at org.springframework.boot.SpringApplication.run(SpringApplication.java:1363)
	at org.springframework.boot.SpringApplication.run(SpringApplication.java:1352)
	at com.tradecore.TradeCoreApplication.main(TradeCoreApplication.java:10)
Caused by: java.lang.IllegalStateException: Failed to introspect Class [com.tradecore.api.OrderController] from ClassLoader [jdk.internal.loader.ClassLoaders$AppClassLoader@105be200]
	at org.springframework.util.ReflectionUtils.getDeclaredMethods(ReflectionUtils.java:483)
	at org.springframework.util.ReflectionUtils.doWithLocalMethods(ReflectionUtils.java:320)
	at org.springframework.beans.factory.annotation.AutowiredAnnotationBeanPostProcessor.checkLookupMethods(AutowiredAnnotationBeanPostProcessor.java:475)
	... 19 common frames omitted
Caused by: java.lang.NoClassDefFoundError: LimitOrderRequest
	at java.base/java.lang.Class.getDeclaredMethods0(Native Method)
	at java.base/java.lang.Class.privateGetDeclaredMethods(Class.java:3010)
	at java.base/java.lang.Class.getDeclaredMethods(Class.java:2329)
	at org.springframework.util.ReflectionUtils.getDeclaredMethods(ReflectionUtils.java:465)
	... 21 common frames omitted
Caused by: java.lang.ClassNotFoundException: LimitOrderRequest
	at java.base/jdk.internal.loader.BuiltinClassLoader.loadClass(BuiltinClassLoader.java:580)
	at java.base/java.lang.ClassLoader.loadClass(ClassLoader.java:490)
	... 25 common frames omitted
2026-04-30 02:41:24.291 INFO  com.tradecore.TradeCoreApplication - Starting TradeCoreApplication using Java 25.0.1 with PID 68760 (C:\Users\Shashwat Kumar\Desktop\Labs\TradeCore\target\classes started by Shashwat Kumar in C:\Users\Shashwat Kumar\Desktop\Labs\TradeCore)
2026-04-30 02:41:24.294 INFO  com.tradecore.TradeCoreApplication - No active profile set, falling back to 1 default profile: "default"
2026-04-30 02:41:25.258 INFO  org.springframework.data.repository.config.RepositoryConfigurationDelegate - Bootstrapping Spring Data JPA repositories in DEFAULT mode.
2026-04-30 02:41:25.352 INFO  org.springframework.data.repository.config.RepositoryConfigurationDelegate - Finished Spring Data repository scanning in 83 ms. Found 1 JPA repository interface.
2026-04-30 02:41:26.104 INFO  org.springframework.boot.web.embedded.tomcat.TomcatWebServer - Tomcat initialized with port 8080 (http)
2026-04-30 02:41:26.124 INFO  org.apache.coyote.http11.Http11NioProtocol - Initializing ProtocolHandler ["http-nio-8080"]
2026-04-30 02:41:26.128 INFO  org.apache.catalina.core.StandardService - Starting service [Tomcat]
2026-04-30 02:41:26.129 INFO  org.apache.catalina.core.StandardEngine - Starting Servlet engine: [Apache Tomcat/10.1.26]
2026-04-30 02:41:26.224 INFO  org.apache.catalina.core.ContainerBase.[Tomcat].[localhost].[/] - Initializing Spring embedded WebApplicationContext
2026-04-30 02:41:26.226 INFO  org.springframework.boot.web.servlet.context.ServletWebServerApplicationContext - Root WebApplicationContext: initialization completed in 1840 ms
2026-04-30 02:41:26.273 INFO  com.zaxxer.hikari.HikariDataSource - HikariPool-1 - Starting...
2026-04-30 02:41:26.542 INFO  com.zaxxer.hikari.pool.HikariPool - HikariPool-1 - Added connection conn0: url=jdbc:h2:mem:tradecore user=SA
2026-04-30 02:41:26.558 INFO  com.zaxxer.hikari.HikariDataSource - HikariPool-1 - Start completed.
2026-04-30 02:41:26.577 INFO  org.springframework.boot.autoconfigure.h2.H2ConsoleAutoConfiguration - H2 console available at '/h2-console'. Database available at 'jdbc:h2:mem:tradecore'
2026-04-30 02:41:26.764 INFO  org.hibernate.jpa.internal.util.LogHelper - HHH000204: Processing PersistenceUnitInfo [name: default]
2026-04-30 02:41:26.848 INFO  org.hibernate.Version - HHH000412: Hibernate ORM core version 6.5.2.Final
2026-04-30 02:41:26.902 INFO  org.hibernate.cache.internal.RegionFactoryInitiator - HHH000026: Second-level cache disabled
2026-04-30 02:41:27.369 INFO  org.springframework.orm.jpa.persistenceunit.SpringPersistenceUnitInfo - No LoadTimeWeaver setup: ignoring JPA class transformer
2026-04-30 02:41:28.734 INFO  org.hibernate.engine.transaction.jta.platform.internal.JtaPlatformInitiator - HHH000489: No JTA platform available (set 'hibernate.transaction.jta.platform' to enable JTA platform integration)
2026-04-30 02:41:28.834 INFO  org.springframework.orm.jpa.LocalContainerEntityManagerFactoryBean - Initialized JPA EntityManagerFactory for persistence unit 'default'
2026-04-30 02:41:29.224 WARN  org.springframework.boot.autoconfigure.orm.jpa.JpaBaseConfiguration$JpaWebConfiguration - spring.jpa.open-in-view is enabled by default. Therefore, database queries may be performed during view rendering. Explicitly configure spring.jpa.open-in-view to disable this warning
2026-04-30 02:41:29.256 INFO  org.springframework.boot.autoconfigure.web.servlet.WelcomePageHandlerMapping - Adding welcome page: class path resource [static/index.html]
2026-04-30 02:41:29.710 INFO  org.apache.coyote.http11.Http11NioProtocol - Starting ProtocolHandler ["http-nio-8080"]
2026-04-30 02:41:29.782 INFO  org.springframework.boot.web.embedded.tomcat.TomcatWebServer - Tomcat started on port 8080 (http) with context path '/'
2026-04-30 02:41:29.796 INFO  com.tradecore.TradeCoreApplication - Started TradeCoreApplication in 6.076 seconds (process running for 6.777)
2026-04-30 02:42:18.944 INFO  org.apache.catalina.core.ContainerBase.[Tomcat].[localhost].[/] - Initializing Spring DispatcherServlet 'dispatcherServlet'
2026-04-30 02:42:18.945 INFO  org.springframework.web.servlet.DispatcherServlet - Initializing Servlet 'dispatcherServlet'
2026-04-30 02:42:18.948 INFO  org.springframework.web.servlet.DispatcherServlet - Completed initialization in 3 ms
2026-04-30 03:08:30.912 WARN  com.zaxxer.hikari.pool.HikariPool - HikariPool-1 - Thread starvation or clock leap detected (housekeeper delta=1m3s834ms496µs400ns).
2026-04-30 03:11:14.476 INFO  com.tradecore.engine.MatchingEngine - Order submitted: id=0b121452-7713-4e1c-a72e-f54b883ecd2b, symbol=AAPL, side=BUY, qty=10, price=0.0
2026-04-30 03:11:14.487 WARN  com.tradecore.engine.MatchingEngine - Market order cannot be filled: no liquidity symbol=AAPL
2026-04-30 03:11:24.053 INFO  com.tradecore.engine.MatchingEngine - Order submitted: id=9a6e1499-f03d-496d-a0c7-9ca579306db9, symbol=AAPL, side=SELL, qty=10, price=0.0
2026-04-30 03:11:24.054 WARN  com.tradecore.engine.MatchingEngine - Market order cannot be filled: no liquidity symbol=AAPL
2026-04-30 03:12:37.930 ERROR org.apache.catalina.core.ContainerBase.[Tomcat].[localhost].[/].[dispatcherServlet] - Servlet.service() for servlet [dispatcherServlet] in context with path [] threw exception [Request processing failed: java.lang.NullPointerException: Cannot invoke "com.tradecore.trader.Trader.getPortfolio()" because "trader" is null] with root cause
java.lang.NullPointerException: Cannot invoke "com.tradecore.trader.Trader.getPortfolio()" because "trader" is null
	at com.tradecore.api.PortfolioController.getPortfolio(PortfolioController.java:21)
	at java.base/jdk.internal.reflect.DirectMethodHandleAccessor.invoke(DirectMethodHandleAccessor.java:104)
	at java.base/java.lang.reflect.Method.invoke(Method.java:565)
	at org.springframework.web.method.support.InvocableHandlerMethod.doInvoke(InvocableHandlerMethod.java:255)
	at org.springframework.web.method.support.InvocableHandlerMethod.invokeForRequest(InvocableHandlerMethod.java:188)
	at org.springframework.web.servlet.mvc.method.annotation.ServletInvocableHandlerMethod.invokeAndHandle(ServletInvocableHandlerMethod.java:118)
	at org.springframework.web.servlet.mvc.method.annotation.RequestMappingHandlerAdapter.invokeHandlerMethod(RequestMappingHandlerAdapter.java:926)
	at org.springframework.web.servlet.mvc.method.annotation.RequestMappingHandlerAdapter.handleInternal(RequestMappingHandlerAdapter.java:831)
	at org.springframework.web.servlet.mvc.method.AbstractHandlerMethodAdapter.handle(AbstractHandlerMethodAdapter.java:87)
	at org.springframework.web.servlet.DispatcherServlet.doDispatch(DispatcherServlet.java:1089)
	at org.springframework.web.servlet.DispatcherServlet.doService(DispatcherServlet.java:979)
	at org.springframework.web.servlet.FrameworkServlet.processRequest(FrameworkServlet.java:1014)
	at org.springframework.web.servlet.FrameworkServlet.doGet(FrameworkServlet.java:903)
	at jakarta.servlet.http.HttpServlet.service(HttpServlet.java:564)
	at org.springframework.web.servlet.FrameworkServlet.service(FrameworkServlet.java:885)
	at jakarta.servlet.http.HttpServlet.service(HttpServlet.java:658)
	at org.apache.catalina.core.ApplicationFilterChain.internalDoFilter(ApplicationFilterChain.java:195)
	at org.apache.catalina.core.ApplicationFilterChain.doFilter(ApplicationFilterChain.java:140)
	at org.apache.tomcat.websocket.server.WsFilter.doFilter(WsFilter.java:51)
	at org.apache.catalina.core.ApplicationFilterChain.internalDoFilter(ApplicationFilterChain.java:164)
	at org.apache.catalina.core.ApplicationFilterChain.doFilter(ApplicationFilterChain.java:140)
	at org.springframework.web.filter.RequestContextFilter.doFilterInternal(RequestContextFilter.java:100)
	at org.springframework.web.filter.OncePerRequestFilter.doFilter(OncePerRequestFilter.java:116)
	at org.apache.catalina.core.ApplicationFilterChain.internalDoFilter(ApplicationFilterChain.java:164)
	at org.apache.catalina.core.ApplicationFilterChain.doFilter(ApplicationFilterChain.java:140)
	at org.springframework.web.filter.FormContentFilter.doFilterInternal(FormContentFilter.java:93)
	at org.springframework.web.filter.OncePerRequestFilter.doFilter(OncePerRequestFilter.java:116)
	at org.apache.catalina.core.ApplicationFilterChain.internalDoFilter(ApplicationFilterChain.java:164)
	at org.apache.catalina.core.ApplicationFilterChain.doFilter(ApplicationFilterChain.java:140)
	at org.springframework.web.filter.CharacterEncodingFilter.doFilterInternal(CharacterEncodingFilter.java:201)
	at org.springframework.web.filter.OncePerRequestFilter.doFilter(OncePerRequestFilter.java:116)
	at org.apache.catalina.core.ApplicationFilterChain.internalDoFilter(ApplicationFilterChain.java:164)
	at org.apache.catalina.core.ApplicationFilterChain.doFilter(ApplicationFilterChain.java:140)
	at org.apache.catalina.core.StandardWrapperValve.invoke(StandardWrapperValve.java:167)
	at org.apache.catalina.core.StandardContextValve.invoke(StandardContextValve.java:90)
	at org.apache.catalina.authenticator.AuthenticatorBase.invoke(AuthenticatorBase.java:483)
	at org.apache.catalina.core.StandardHostValve.invoke(StandardHostValve.java:115)
	at org.apache.catalina.valves.ErrorReportValve.invoke(ErrorReportValve.java:93)
	at org.apache.catalina.core.StandardEngineValve.invoke(StandardEngineValve.java:74)
	at org.apache.catalina.connector.CoyoteAdapter.service(CoyoteAdapter.java:344)
	at org.apache.coyote.http11.Http11Processor.service(Http11Processor.java:389)
	at org.apache.coyote.AbstractProcessorLight.process(AbstractProcessorLight.java:63)
	at org.apache.coyote.AbstractProtocol$ConnectionHandler.process(AbstractProtocol.java:904)
	at org.apache.tomcat.util.net.NioEndpoint$SocketProcessor.doRun(NioEndpoint.java:1741)
	at org.apache.tomcat.util.net.SocketProcessorBase.run(SocketProcessorBase.java:52)
	at org.apache.tomcat.util.threads.ThreadPoolExecutor.runWorker(ThreadPoolExecutor.java:1190)
	at org.apache.tomcat.util.threads.ThreadPoolExecutor$Worker.run(ThreadPoolExecutor.java:659)
	at org.apache.tomcat.util.threads.TaskThread$WrappingRunnable.run(TaskThread.java:63)
	at java.base/java.lang.Thread.run(Thread.java:1474)
2026-04-30 03:14:32.420 INFO  org.springframework.orm.jpa.LocalContainerEntityManagerFactoryBean - Closing JPA EntityManagerFactory for persistence unit 'default'
2026-04-30 03:14:32.425 INFO  com.zaxxer.hikari.HikariDataSource - HikariPool-1 - Shutdown initiated...
2026-04-30 03:14:32.430 INFO  com.zaxxer.hikari.HikariDataSource - HikariPool-1 - Shutdown completed.
